<?xml version="1.0" encoding="UTF-8"?>
<!-- Generated by org.testng.reporters.JUnitXMLReporter -->
<testsuite ignored="0" hostname="LAPTOP-LRIN3AGD" failures="0" tests="3" name="Test" time="10.212" errors="0" timestamp="2022-02-02T14:57:58 CST">
  <testcase classname="demoproject.selenium.Integrating_Selenium" name="testMethod1" time="1.673"/>
  <testcase classname="demoproject.selenium.Integrating_Selenium" name="testMethod2" time="0.018"/>
  <testcase classname="demoproject.selenium.Integrating_Selenium" name="testMethod3" time="0.83"/>
</testsuite> <!-- Test -->
