<?xml version="1.0" encoding="UTF-8"?>
<testng-results ignored="0" total="2" passed="2" failed="0" skipped="0">
  <reporter-output>
  </reporter-output>
  <suite started-at="2022-02-07T23:14:11 CST" name="Default suite" finished-at="2022-02-07T23:14:36 CST" duration-ms="24238">
    <groups>
    </groups>
    <test started-at="2022-02-07T23:14:11 CST" name="Default test" finished-at="2022-02-07T23:14:36 CST" duration-ms="24238">
      <class name="demoproject.selenium.Localizadore">
        <test-method is-config="true" signature="setUp()[pri:0, instance:demoproject.selenium.Localizadore@73700b80]" started-at="2022-02-07T23:14:11 CST" name="setUp" finished-at="2022-02-07T23:14:23 CST" duration-ms="11161" status="PASS">
          <reporter-output>
          </reporter-output>
        </test-method> <!-- setUp -->
        <test-method signature="registerUser()[pri:0, instance:demoproject.selenium.Localizadore@73700b80]" started-at="2022-02-07T23:14:23 CST" name="registerUser" finished-at="2022-02-07T23:14:35 CST" duration-ms="12736" status="PASS">
          <reporter-output>
          </reporter-output>
        </test-method> <!-- registerUser -->
        <test-method signature="tearDown()[pri:0, instance:demoproject.selenium.Localizadore@73700b80]" started-at="2022-02-07T23:14:35 CST" name="tearDown" finished-at="2022-02-07T23:14:36 CST" duration-ms="263" status="PASS">
          <reporter-output>
          </reporter-output>
        </test-method> <!-- tearDown -->
      </class> <!-- demoproject.selenium.Localizadore -->
    </test> <!-- Default test -->
  </suite> <!-- Default suite -->
</testng-results>
